]0;IPython: code_research/quantum_illumination2017-11-17 21:21:31: 1 run_all_states(8, 0.1, 0.01, 0.01, (0.4, 0.4))	
Helstrom: 0.49527932545
Chernoff: 0.49995709991
2017-11-17 21:21:31: 2 run_all_states(9, 0.1, 0.01, 0.01, (0.4, 0.4))	
Helstrom: 0.49527932562
Chernoff: 0.49995710001
2017-11-17 21:21:31: 3 run_all_states(10, 0.1, 0.01, 0.01, (0.4, 0.4))	
Helstrom: 0.49527932564
Chernoff: 0.49995710002
2017-11-17 21:21:31: 4 run_all_states(11, 0.1, 0.01, 0.01, (0.4, 0.4))	
Helstrom: 0.49527932564
Chernoff: 0.49995710002
2017-11-17 21:21:31: 5 run_all_states(12, 0.1, 0.01, 0.01, (0.4, 0.4))	
Helstrom: 0.49527932564
Chernoff: 0.49995710002
2017-11-17 21:21:32: 6 run_all_states(13, 0.1, 0.01, 0.01, (0.4, 0.4))	
Helstrom: 0.49527932564
Chernoff: 0.49995710002
2017-11-17 21:21:32: 7 run_all_states(14, 0.1, 0.01, 0.01, (0.4, 0.4))	
Helstrom: 0.49527932564
Chernoff: 0.49995710002
2017-11-17 21:21:33: 8 run_all_states(15, 0.1, 0.01, 0.01, (0.4, 0.4))	
Helstrom: 0.49527932564
Chernoff: 0.49995710002
2017-11-17 21:21:34: 9 run_all_states(16, 1.0, 0.01, 0.01, (0.4, 0.4))	
Helstrom: 0.49666248432
Chernoff: 0.49997811644
2017-11-17 21:21:36: 10 run_all_states(17, 1.0, 0.01, 0.01, (0.4, 0.4))	
Helstrom: 0.49666266845
Chernoff: 0.49997813767
2017-11-17 21:21:38: 11 run_all_states(18, 1.0, 0.01, 0.01, (0.4, 0.4))	
Helstrom: 0.49666276593
Chernoff: 0.49997814870
2017-11-17 21:21:40: 12 run_all_states(19, 1.0, 0.01, 0.01, (0.4, 0.4))	
Helstrom: 0.49666281737
Chernoff: 0.49997815443
2017-11-17 21:21:44: 13 run_all_states(20, 1.0, 0.01, 0.01, (0.4, 0.4))	
Helstrom: 0.49666284443
Chernoff: 0.49997815741
2017-11-17 21:21:49: 14 run_all_states(21, 1.0, 0.01, 0.01, (0.4, 0.4))	
Helstrom: 0.49666285864
Chernoff: 0.49997815895
2017-11-17 21:21:55: 15 run_all_states(22, 1.0, 0.01, 0.01, (0.4, 0.4))	
Helstrom: 0.49666286607
Chernoff: 0.49997815975
2017-11-17 21:22:03: 16 run_all_states(23, 1.0, 0.01, 0.01, (0.4, 0.4))	
Helstrom: 0.49666286996
Chernoff: 0.49997816017
2017-11-17 21:22:13: 17 run_all_states(24, 1.0, 0.01, 0.01, (0.4, 0.4))	
Helstrom: 0.49666287198
Chernoff: 0.49997816038
2017-11-17 21:22:27: 18 run_all_states(20, 10, 0.01, 0.01, (0.4, 0.4))	
Helstrom: 0.49744157927
Chernoff: 0.49991430571
2017-11-17 21:22:32: 19 run_all_states(21, 10, 0.01, 0.01, (0.4, 0.4))	
Helstrom: 0.49753533363
Chernoff: 0.49991905726
2017-11-17 21:22:38: 20 run_all_states(22, 10, 0.01, 0.01, (0.4, 0.4))	
Helstrom: 0.49762212859
Chernoff: 0.49992347225
2017-11-17 21:22:46: 21 run_all_states(23, 10, 0.01, 0.01, (0.4, 0.4))	
Helstrom: 0.49770243278
Chernoff: 0.49992759217
2017-11-17 21:22:57: 22 run_all_states(24, 10, 0.01, 0.01, (0.4, 0.4))	
Helstrom: 0.49777669255
Chernoff: 0.49993145063
--- 99.95311999320984 seconds ---
